<?xml version="1.0" encoding="UTF-8"?>
<testsuite name="PhoneBookTest" tests="1" skipped="0" failures="0" errors="0" timestamp="2020-10-22T06:14:50" hostname="me-mintbox" time="137.891">
  <properties/>
  <testcase name="start" classname="PhoneBookTest" time="137.891"/>
  <system-out><![CDATA[?[1;31m
Start test 1?[0m
Start searching (linear search)...
Found 500 / 500 entries. Time taken: 0 min. 9 sec. 194 ms.

Start searching (bubble sort + jump search)...
Found 500 / 500 entries. Time taken: 1 min. 53 sec. 122 ms.
Sorting time: 1 min. 41 sec. 171 ms. - STOPPED, moved to linear search
Searching time: 0 min. 11 sec. 951 ms.

Start searching (quick sort + binary search)...
Found 500 / 500 entries. Time taken: 0 min. 10 sec. 484 ms.
Sorting time: 0 min. 10 sec. 476 ms.
Searching time: 0 min. 0 sec. 8 ms.

Start searching (hash table)...
Found 500 / 500 entries. Time taken: 0 min. 1 sec. 270 ms.
Creating time: 0 min. 1 sec. 270 ms.
Searching time: 0 min. 0 sec. 0 ms.
]]></system-out>
  <system-err><![CDATA[]]></system-err>
</testsuite>
